<?xml version="1.0" encoding="utf-8"?><testsuites><testsuite name="pytest" errors="0" failures="0" skipped="0" tests="11" time="0.080" timestamp="2023-06-27T20:11:42.010671" hostname="yamenk"><testcase classname="test.circular_dependencies.test_.Circular_dependencies" name="test_circular_dependency" time="0.001" /><testcase classname="test.circular_dependencies.test_.Circular_dependencies" name="test_is_dependency_but_not_parent" time="0.001" /><testcase classname="test.circular_dependencies.test_.Circular_dependencies" name="test_no_parents" time="0.001" /><testcase classname="test.circular_dependencies.test_.Circular_dependencies" name="test_not_circular_dependency" time="0.001" /><testcase classname="test.circular_dependencies.test_.Circular_dependencies" name="test_parent_with_multiple_dependencies" time="0.001" /><testcase classname="test.comments.test_.Comments" name="test_remove_comments" time="0.003" /><testcase classname="test.file_parser.test_.Parser" name="test_definitions" time="0.001" /><testcase classname="test.file_parser.test_.Parser" name="test_filepath_in_parsed_file" time="0.001" /><testcase classname="test.file_parser.test_.Parser" name="test_from_imports_in_parsed_file" time="0.001" /><testcase classname="test.file_parser.test_.Parser" name="test_imports_in_parsed_file" time="0.001" /><testcase classname="test.file_parser.test_.Parser" name="test_name_in_parsed_file" time="0.001" /></testsuite></testsuites>