<?xml version="1.0" encoding="utf-8"?><testsuites><testsuite name="pytest" errors="0" failures="0" skipped="0" tests="6" time="0.067" timestamp="2023-06-27T19:21:29.274544" hostname="yamenk"><testcase classname="test.circular_dependencies.test_.Circular_dependencies" name="test_circular_dependency" time="0.001" /><testcase classname="test.circular_dependencies.test_.Circular_dependencies" name="test_is_dependency_but_not_parent" time="0.001" /><testcase classname="test.circular_dependencies.test_.Circular_dependencies" name="test_no_parents" time="0.001" /><testcase classname="test.circular_dependencies.test_.Circular_dependencies" name="test_not_circular_dependency" time="0.001" /><testcase classname="test.circular_dependencies.test_.Circular_dependencies" name="test_parent_with_multiple_dependencies" time="0.001" /><testcase classname="test.comments.test_.Comments" name="test_remove_comments" time="0.006" /></testsuite></testsuites>